<?xml version="1.0" encoding="UTF-8"?>
<testng-results ignored="0" total="1" passed="1" failed="0" skipped="0">
  <reporter-output>
  </reporter-output>
  <suite started-at="2023-09-23T10:15:59 IST" name="Default suite" finished-at="2023-09-23T10:16:29 IST" duration-ms="29679">
    <groups>
    </groups>
    <test started-at="2023-09-23T10:15:59 IST" name="Default test" finished-at="2023-09-23T10:16:29 IST" duration-ms="29679">
      <class name="com.Flipcart.searchproduct.TC01_SearchProductName">
        <test-method is-config="true" signature="browserSet()[pri:0, instance:com.Flipcart.searchproduct.TC01_SearchProductName@34a3d150]" started-at="2023-09-23T10:16:00 IST" name="browserSet" finished-at="2023-09-23T10:16:13 IST" duration-ms="13402" status="PASS">
          <reporter-output>
          </reporter-output>
        </test-method> <!-- browserSet -->
        <test-method signature="searchProductByName()[pri:0, instance:com.Flipcart.searchproduct.TC01_SearchProductName@34a3d150]" started-at="2023-09-23T10:16:13 IST" name="searchProductByName" finished-at="2023-09-23T10:16:29 IST" duration-ms="15473" status="PASS">
          <reporter-output>
          </reporter-output>
        </test-method> <!-- searchProductByName -->
        <test-method is-config="true" signature="BrowserClose()[pri:0, instance:com.Flipcart.searchproduct.TC01_SearchProductName@34a3d150]" started-at="2023-09-23T10:16:29 IST" name="BrowserClose" finished-at="2023-09-23T10:16:29 IST" duration-ms="602" status="PASS">
          <reporter-output>
          </reporter-output>
        </test-method> <!-- BrowserClose -->
      </class> <!-- com.Flipcart.searchproduct.TC01_SearchProductName -->
    </test> <!-- Default test -->
  </suite> <!-- Default suite -->
</testng-results>
