<?xml version="1.0" encoding="UTF-8"?>
<!-- Generated by org.testng.reporters.JUnitXMLReporter -->
<testsuite ignored="0" hostname="Hariharan" failures="1" tests="3" name="Test" time="123.277" errors="0" timestamp="2023-09-21T09:25:27 IST">
  <testcase classname="com.Flipcart.searchproduct.TC01_SearchProductName" name="searchProductByName" time="54.196"/>
  <testcase classname="com.Flipcart.searchproduct.TC02_SearchProductPrice" name="SearchProductByPrice" time="18.393">
    <failure type="java.lang.IndexOutOfBoundsException" message="Index 34 out of bounds for length 34">
      <![CDATA[java.lang.IndexOutOfBoundsException: Index 34 out of bounds for length 34
at java.base/jdk.internal.util.Preconditions.outOfBounds(Preconditions.java:64)
at java.base/jdk.internal.util.Preconditions.outOfBoundsCheckIndex(Preconditions.java:70)
at java.base/jdk.internal.util.Preconditions.checkIndex(Preconditions.java:266)
at java.base/java.util.Objects.checkIndex(Objects.java:359)
at java.base/java.util.ArrayList.get(ArrayList.java:427)
at org.openqa.selenium.support.pagefactory.internal.LocatingElementListHandler.invoke(LocatingElementListHandler.java:39)
at jdk.proxy2/jdk.proxy2.$Proxy17.get(Unknown Source)
at com.Flipcart.generic.objectrepositoryutility.ProductCategoryPage.printSearchItemPrice(ProductCategoryPage.java:65)
at com.Flipcart.searchproduct.TC02_SearchProductPrice.SearchProductByPrice(TC02_SearchProductPrice.java:41)
at java.base/java.util.ArrayList.forEach(ArrayList.java:1511)
... Removed 30 stack frames]]>
    </failure>
  </testcase> <!-- SearchProductByPrice -->
  <testcase classname="com.Flipcart.searchproduct.TC03_SearchProductDiscountPrice" name="SearchProductByDiscountPrice" time="16.106"/>
</testsuite> <!-- Test -->
